<?xml version="1.0" encoding="utf-8"?><testsuites name="pytest tests"><testsuite name="pytest" errors="0" failures="0" skipped="0" tests="20" time="5.513" timestamp="2026-04-17T20:45:30.984395+00:00" hostname="agent-env-010ddbdf-24a1-44f4-b051-1d45116377b2"><testcase classname="tests.test_kelime_zinciri_api.TestHealthCheck" name="test_api_root" time="0.144" /><testcase classname="tests.test_kelime_zinciri_api.TestAuth" name="test_login_creates_new_user" time="0.127" /><testcase classname="tests.test_kelime_zinciri_api.TestAuth" name="test_login_returns_existing_user" time="0.245" /><testcase classname="tests.test_kelime_zinciri_api.TestAuth" name="test_login_validation_short_username" time="0.127" /><testcase classname="tests.test_kelime_zinciri_api.TestAuth" name="test_login_validation_long_username" time="0.116" /><testcase classname="tests.test_kelime_zinciri_api.TestUserProfile" name="test_get_user_profile" time="0.245" /><testcase classname="tests.test_kelime_zinciri_api.TestUserProfile" name="test_get_user_not_found" time="0.137" /><testcase classname="tests.test_kelime_zinciri_api.TestGameFlow" name="test_game_start" time="0.147" /><testcase classname="tests.test_kelime_zinciri_api.TestGameFlow" name="test_game_validate_valid_word" time="0.278" /><testcase classname="tests.test_kelime_zinciri_api.TestGameFlow" name="test_game_validate_invalid_word_not_in_dict" time="0.226" /><testcase classname="tests.test_kelime_zinciri_api.TestGameFlow" name="test_game_validate_wrong_starting_letter" time="0.233" /><testcase classname="tests.test_kelime_zinciri_api.TestGameFlow" name="test_game_validate_duplicate_word" time="0.248" /><testcase classname="tests.test_kelime_zinciri_api.TestGameFlow" name="test_game_submit_updates_user_stats" time="0.357" /><testcase classname="tests.test_kelime_zinciri_api.TestGameFlow" name="test_game_submit_assigns_title_based_on_score" time="0.343" /><testcase classname="tests.test_kelime_zinciri_api.TestGameFlow" name="test_game_submit_awards_achievements" time="0.363" /><testcase classname="tests.test_kelime_zinciri_api.TestGameFlow" name="test_game_submit_updates_longest_chain" time="0.834" /><testcase classname="tests.test_kelime_zinciri_api.TestLeaderboard" name="test_leaderboard_weekly" time="0.124" /><testcase classname="tests.test_kelime_zinciri_api.TestLeaderboard" name="test_leaderboard_monthly" time="0.121" /><testcase classname="tests.test_kelime_zinciri_api.TestLeaderboard" name="test_leaderboard_sorting" time="0.895" /><testcase classname="tests.test_kelime_zinciri_api.TestAchievements" name="test_get_achievements_metadata" time="0.101" /></testsuite></testsuites>